<?xml version="1.0" encoding="UTF-8"?>
<testsuite name="com.sample.graphql.component.fake.FakeHelloDataResolverTest" tests="2" skipped="0" failures="0" errors="0" timestamp="2024-02-14T05:15:30" hostname="mJ7L6NR60K2" time="0.013">
  <properties/>
  <testcase name="allHellos" classname="com.sample.graphql.component.fake.FakeHelloDataResolverTest" time="0.009"/>
  <testcase name="oneHello" classname="com.sample.graphql.component.fake.FakeHelloDataResolverTest" time="0.003"/>
  <system-out><![CDATA[14:15:30.588  INFO --- t.c.s.AnnotationConfigContextLoaderUtils : Could not detect default configuration classes for test class [com.sample.graphql.component.fake.FakeHelloDataResolverTest]: FakeHelloDataResolverTest does not declare any static, non-private, non-final, nested classes annotated with @Configuration.
14:15:30.589  INFO --- .b.t.c.SpringBootTestContextBootstrapper : Found @SpringBootConfiguration com.sample.graphql.GraphqlApplication for test class com.sample.graphql.component.fake.FakeHelloDataResolverTest
]]></system-out>
  <system-err><![CDATA[]]></system-err>
</testsuite>
